[debug] [2020-11-01T17:11:41.780Z] ----------------------------------------------------------------------
[debug] [2020-11-01T17:11:41.782Z] Command:       C:\Program Files\nodejs\node.exe C:\Users\M.S.I\AppData\Roaming\npm\node_modules\firebase-tools\lib\bin\firebase.js emulators:start
[debug] [2020-11-01T17:11:41.782Z] CLI Version:   8.13.1
[debug] [2020-11-01T17:11:41.782Z] Platform:      win32
[debug] [2020-11-01T17:11:41.782Z] Node Version:  v12.19.0
[debug] [2020-11-01T17:11:41.783Z] Time:          Sun Nov 01 2020 22:11:41 GMT+0500 (Pakistan Standard Time)
[debug] [2020-11-01T17:11:41.783Z] ----------------------------------------------------------------------
[debug] [2020-11-01T17:11:41.783Z] 
[debug] [2020-11-01T17:11:41.790Z] > command requires scopes: ["email","openid","https://www.googleapis.com/auth/cloudplatformprojects.readonly","https://www.googleapis.com/auth/firebase","https://www.googleapis.com/auth/cloud-platform"]
[debug] [2020-11-01T17:11:41.790Z] > authorizing via signed-in user
[info] i  emulators: Starting emulators: functions, hosting {"metadata":{"emulator":{"name":"hub"},"message":"Starting emulators: functions, hosting"}}
[debug] [2020-11-01T17:11:41.823Z] [hub] writing locator at C:\Users\MS1E84~1.I\AppData\Local\Temp\hub-project101-682d8.json
[warn] !  functions: The following emulators are not running, calls to these services from the Functions emulator will affect production: auth, firestore, database, pubsub {"metadata":{"emulator":{"name":"functions"},"message":"The following emulators are not running, calls to these services from the Functions emulator will affect production: \u001b[1mauth, firestore, database, pubsub\u001b[22m"}}
[warn] !  Your requested "node" version "10" doesn't match your global version "12" {"metadata":{"emulator":{"name":"functions"},"message":"Your requested \"node\" version \"10\" doesn't match your global version \"12\""}}
[debug] [2020-11-01T17:11:41.854Z] defaultcredentials: writing to file C:\Users\M.S.I\AppData\Roaming\firebase\saheel_hussain958_gmail.com_application_default_credentials.json
[debug] [2020-11-01T17:11:41.856Z] Setting GAC to C:\Users\M.S.I\AppData\Roaming\firebase\saheel_hussain958_gmail.com_application_default_credentials.json {"metadata":{"emulator":{"name":"functions"},"message":"Setting GAC to C:\\Users\\M.S.I\\AppData\\Roaming\\firebase\\saheel_hussain958_gmail.com_application_default_credentials.json"}}
[debug] [2020-11-01T17:11:41.863Z] >>> HTTP REQUEST GET https://firebase.googleapis.com/v1beta1/projects/project101-682d8/webApps/-/config  
 
[debug] [2020-11-01T17:11:43.230Z] <<< HTTP RESPONSE 200 {"content-type":"application/json; charset=UTF-8","vary":"X-Origin, Referer, Origin,Accept-Encoding","date":"Sun, 01 Nov 2020 17:11:42 GMT","server":"ESF","cache-control":"private","x-xss-protection":"0","x-frame-options":"SAMEORIGIN","x-content-type-options":"nosniff","alt-svc":"h3-Q050=\":443\"; ma=2592000,h3-29=\":443\"; ma=2592000,h3-T051=\":443\"; ma=2592000,h3-T050=\":443\"; ma=2592000,h3-Q046=\":443\"; ma=2592000,h3-Q043=\":443\"; ma=2592000,quic=\":443\"; ma=2592000; v=\"46,43\"","accept-ranges":"none","transfer-encoding":"chunked"}
[info] i  hosting: Serving hosting files from: build {"metadata":{"emulator":{"name":"hosting"},"message":"Serving hosting files from: \u001b[1mbuild\u001b[22m"}}
[info] +  hosting: Local server: http://localhost:5000 {"metadata":{"emulator":{"name":"hosting"},"message":"Local server: \u001b[4m\u001b[1mhttp://localhost:5000\u001b[22m\u001b[24m"}}
[warn] !  ui: Emulator UI unable to start on port 4000, starting on 4009 instead. {"metadata":{"emulator":{"name":"ui"},"message":"Emulator UI unable to start on port 4000, starting on 4009 instead."}}
[debug] [2020-11-01T17:11:43.304Z] Ignoring unsupported arg: auto_download {"metadata":{"emulator":{"name":"ui"},"message":"Ignoring unsupported arg: auto_download"}}
[debug] [2020-11-01T17:11:43.304Z] Ignoring unsupported arg: port {"metadata":{"emulator":{"name":"ui"},"message":"Ignoring unsupported arg: port"}}
[debug] [2020-11-01T17:11:43.304Z] Starting Emulator UI with command {"binary":"node","args":["C:\\Users\\M.S.I\\.cache\\firebase\\emulators\\ui-v1.1.1\\server.bundle.js"],"optionalArgs":[],"joinArgs":false} {"metadata":{"emulator":{"name":"ui"},"message":"Starting Emulator UI with command {\"binary\":\"node\",\"args\":[\"C:\\\\Users\\\\M.S.I\\\\.cache\\\\firebase\\\\emulators\\\\ui-v1.1.1\\\\server.bundle.js\"],\"optionalArgs\":[],\"joinArgs\":false}"}}
[info] i  ui: Emulator UI logging to ui-debug.log {"metadata":{"emulator":{"name":"ui"},"message":"Emulator UI logging to \u001b[1mui-debug.log\u001b[22m"}}
[debug] [2020-11-01T17:11:43.439Z] Web / API server started at http://localhost:4009
 {"metadata":{"emulator":{"name":"ui"},"message":"Web / API server started at http://localhost:4009\n"}}
[info] i  functions: Watching "C:\Users\M.S.I\Desktop\New folder\react-challenge-amazon-clone-master\functions" for Cloud Functions... {"metadata":{"emulator":{"name":"functions"},"message":"Watching \"C:\\Users\\M.S.I\\Desktop\\New folder\\react-challenge-amazon-clone-master\\functions\" for Cloud Functions..."}}
[debug] [2020-11-01T17:11:43.597Z] [worker-pool] addWorker(~diagnostic~) {"metadata":{"emulator":{"name":"functions"},"message":"[worker-pool] addWorker(~diagnostic~)"}}
[debug] [2020-11-01T17:11:43.598Z] [worker-pool] Adding worker with key ~diagnostic~, total=1 {"metadata":{"emulator":{"name":"functions"},"message":"[worker-pool] Adding worker with key ~diagnostic~, total=1"}}
[debug] [2020-11-01T17:11:43.598Z] [worker-pool] submitWork(triggerId=) {"metadata":{"emulator":{"name":"functions"},"message":"[worker-pool] submitWork(triggerId=)"}}
[debug] [2020-11-01T17:11:43.599Z] [worker-~diagnostic~-ec65afaf-d2c1-4ad5-957c-1e345d42f0ee]: Assigning socketPath: \\?\pipe\C:\Users\M.S.I\Desktop\New folder\react-challenge-amazon-clone-master\functions\42948 {"metadata":{"emulator":{"name":"functions"},"message":"[worker-~diagnostic~-ec65afaf-d2c1-4ad5-957c-1e345d42f0ee]: Assigning socketPath: \\\\?\\pipe\\C:\\Users\\M.S.I\\Desktop\\New folder\\react-challenge-amazon-clone-master\\functions\\42948"}}
[debug] [2020-11-01T17:11:43.599Z] [worker-~diagnostic~-ec65afaf-d2c1-4ad5-957c-1e345d42f0ee]: BUSY {"metadata":{"emulator":{"name":"functions"},"message":"[worker-~diagnostic~-ec65afaf-d2c1-4ad5-957c-1e345d42f0ee]: BUSY"}}
[debug] [2020-11-01T17:11:43.972Z] [runtime-status] [42948] Functions runtime initialized. {"cwd":"C:\\Users\\M.S.I\\Desktop\\New folder\\react-challenge-amazon-clone-master\\functions","node_version":"12.19.0"} {"metadata":{"emulator":{"name":"functions"},"message":"[runtime-status] [42948] Functions runtime initialized. {\"cwd\":\"C:\\\\Users\\\\M.S.I\\\\Desktop\\\\New folder\\\\react-challenge-amazon-clone-master\\\\functions\",\"node_version\":\"12.19.0\"}"}}
[debug] [2020-11-01T17:11:43.973Z] [runtime-status] [42948] Disabled runtime features: undefined {"metadata":{"emulator":{"name":"functions"},"message":"[runtime-status] [42948] Disabled runtime features: undefined"}}
[warn] !  The Cloud Functions emulator requires the module "firebase-admin" to be installed. This package is in your package.json, but it's not available. You probably need to run "npm install" in your functions directory. {"metadata":{"emulator":{"name":"functions"},"message":"The Cloud Functions emulator requires the module \"firebase-admin\" to be installed. This package is in your package.json, but it's not available. You probably need to run \"npm install\" in your functions directory."}}
[info] i  functions: Your functions could not be parsed due to an issue with your node_modules (see above) {"metadata":{"emulator":{"name":"functions"},"message":"Your functions could not be parsed due to an issue with your node_modules (see above)"}}
[debug] [2020-11-01T17:11:44.005Z] [worker-~diagnostic~-ec65afaf-d2c1-4ad5-957c-1e345d42f0ee]: exited {"metadata":{"emulator":{"name":"functions"},"message":"[worker-~diagnostic~-ec65afaf-d2c1-4ad5-957c-1e345d42f0ee]: exited"}}
[debug] [2020-11-01T17:11:44.006Z] [worker-~diagnostic~-ec65afaf-d2c1-4ad5-957c-1e345d42f0ee]: FINISHED {"metadata":{"emulator":{"name":"functions"},"message":"[worker-~diagnostic~-ec65afaf-d2c1-4ad5-957c-1e345d42f0ee]: FINISHED"}}
[debug] [2020-11-01T17:12:32.934Z] Received signal SIGHUP 1
[debug] [2020-11-01T17:14:15.559Z] ----------------------------------------------------------------------
[debug] [2020-11-01T17:14:15.560Z] Command:       C:\Program Files\nodejs\node.exe C:\Users\M.S.I\AppData\Roaming\npm\node_modules\firebase-tools\lib\bin\firebase.js emulators:start
[debug] [2020-11-01T17:14:15.561Z] CLI Version:   8.13.1
[debug] [2020-11-01T17:14:15.561Z] Platform:      win32
[debug] [2020-11-01T17:14:15.561Z] Node Version:  v12.19.0
[debug] [2020-11-01T17:14:15.562Z] Time:          Sun Nov 01 2020 22:14:15 GMT+0500 (Pakistan Standard Time)
[debug] [2020-11-01T17:14:15.562Z] ----------------------------------------------------------------------
[debug] [2020-11-01T17:14:15.562Z] 
[debug] [2020-11-01T17:14:15.567Z] > command requires scopes: ["email","openid","https://www.googleapis.com/auth/cloudplatformprojects.readonly","https://www.googleapis.com/auth/firebase","https://www.googleapis.com/auth/cloud-platform"]
[debug] [2020-11-01T17:14:15.568Z] > authorizing via signed-in user
[info] i  emulators: Starting emulators: functions, hosting {"metadata":{"emulator":{"name":"hub"},"message":"Starting emulators: functions, hosting"}}
[warn] !  emulators: It seems that you are running multiple instances of the emulator suite for project project101-682d8. This may result in unexpected behavior. 
[debug] [2020-11-01T17:14:15.594Z] [hub] writing locator at C:\Users\MS1E84~1.I\AppData\Local\Temp\hub-project101-682d8.json
[warn] !  functions: The following emulators are not running, calls to these services from the Functions emulator will affect production: auth, firestore, database, pubsub {"metadata":{"emulator":{"name":"functions"},"message":"The following emulators are not running, calls to these services from the Functions emulator will affect production: \u001b[1mauth, firestore, database, pubsub\u001b[22m"}}
[warn] !  Your requested "node" version "10" doesn't match your global version "12" {"metadata":{"emulator":{"name":"functions"},"message":"Your requested \"node\" version \"10\" doesn't match your global version \"12\""}}
[debug] [2020-11-01T17:14:15.661Z] defaultcredentials: writing to file C:\Users\M.S.I\AppData\Roaming\firebase\saheel_hussain958_gmail.com_application_default_credentials.json
[debug] [2020-11-01T17:14:15.664Z] Setting GAC to C:\Users\M.S.I\AppData\Roaming\firebase\saheel_hussain958_gmail.com_application_default_credentials.json {"metadata":{"emulator":{"name":"functions"},"message":"Setting GAC to C:\\Users\\M.S.I\\AppData\\Roaming\\firebase\\saheel_hussain958_gmail.com_application_default_credentials.json"}}
[debug] [2020-11-01T17:14:15.677Z] >>> HTTP REQUEST GET https://firebase.googleapis.com/v1beta1/projects/project101-682d8/webApps/-/config  
 
[debug] [2020-11-01T17:14:16.713Z] <<< HTTP RESPONSE 200 {"content-type":"application/json; charset=UTF-8","vary":"X-Origin, Referer, Origin,Accept-Encoding","date":"Sun, 01 Nov 2020 17:14:16 GMT","server":"ESF","cache-control":"private","x-xss-protection":"0","x-frame-options":"SAMEORIGIN","x-content-type-options":"nosniff","alt-svc":"h3-Q050=\":443\"; ma=2592000,h3-29=\":443\"; ma=2592000,h3-T051=\":443\"; ma=2592000,h3-T050=\":443\"; ma=2592000,h3-Q046=\":443\"; ma=2592000,h3-Q043=\":443\"; ma=2592000,quic=\":443\"; ma=2592000; v=\"46,43\"","accept-ranges":"none","transfer-encoding":"chunked"}
[info] i  hosting: Serving hosting files from: build {"metadata":{"emulator":{"name":"hosting"},"message":"Serving hosting files from: \u001b[1mbuild\u001b[22m"}}
[info] +  hosting: Local server: http://localhost:5000 {"metadata":{"emulator":{"name":"hosting"},"message":"Local server: \u001b[4m\u001b[1mhttp://localhost:5000\u001b[22m\u001b[24m"}}
[warn] !  ui: Emulator UI unable to start on port 4000, starting on 4010 instead. {"metadata":{"emulator":{"name":"ui"},"message":"Emulator UI unable to start on port 4000, starting on 4010 instead."}}
[debug] [2020-11-01T17:14:16.783Z] Ignoring unsupported arg: auto_download {"metadata":{"emulator":{"name":"ui"},"message":"Ignoring unsupported arg: auto_download"}}
[debug] [2020-11-01T17:14:16.784Z] Ignoring unsupported arg: port {"metadata":{"emulator":{"name":"ui"},"message":"Ignoring unsupported arg: port"}}
[debug] [2020-11-01T17:14:16.784Z] Starting Emulator UI with command {"binary":"node","args":["C:\\Users\\M.S.I\\.cache\\firebase\\emulators\\ui-v1.1.1\\server.bundle.js"],"optionalArgs":[],"joinArgs":false} {"metadata":{"emulator":{"name":"ui"},"message":"Starting Emulator UI with command {\"binary\":\"node\",\"args\":[\"C:\\\\Users\\\\M.S.I\\\\.cache\\\\firebase\\\\emulators\\\\ui-v1.1.1\\\\server.bundle.js\"],\"optionalArgs\":[],\"joinArgs\":false}"}}
[info] i  ui: Emulator UI logging to ui-debug.log {"metadata":{"emulator":{"name":"ui"},"message":"Emulator UI logging to \u001b[1mui-debug.log\u001b[22m"}}
[debug] [2020-11-01T17:14:16.894Z] Web / API server started at http://localhost:4010
 {"metadata":{"emulator":{"name":"ui"},"message":"Web / API server started at http://localhost:4010\n"}}
[info] i  functions: Watching "C:\Users\M.S.I\Desktop\New folder\react-challenge-amazon-clone-master\functions" for Cloud Functions... {"metadata":{"emulator":{"name":"functions"},"message":"Watching \"C:\\Users\\M.S.I\\Desktop\\New folder\\react-challenge-amazon-clone-master\\functions\" for Cloud Functions..."}}
[debug] [2020-11-01T17:14:17.073Z] [worker-pool] addWorker(~diagnostic~) {"metadata":{"emulator":{"name":"functions"},"message":"[worker-pool] addWorker(~diagnostic~)"}}
[debug] [2020-11-01T17:14:17.073Z] [worker-pool] Adding worker with key ~diagnostic~, total=1 {"metadata":{"emulator":{"name":"functions"},"message":"[worker-pool] Adding worker with key ~diagnostic~, total=1"}}
[debug] [2020-11-01T17:14:17.073Z] [worker-pool] submitWork(triggerId=) {"metadata":{"emulator":{"name":"functions"},"message":"[worker-pool] submitWork(triggerId=)"}}
[debug] [2020-11-01T17:14:17.074Z] [worker-~diagnostic~-12e0b855-cb2a-4472-bdec-9858adea3ac0]: Assigning socketPath: \\?\pipe\C:\Users\M.S.I\Desktop\New folder\react-challenge-amazon-clone-master\functions\9372 {"metadata":{"emulator":{"name":"functions"},"message":"[worker-~diagnostic~-12e0b855-cb2a-4472-bdec-9858adea3ac0]: Assigning socketPath: \\\\?\\pipe\\C:\\Users\\M.S.I\\Desktop\\New folder\\react-challenge-amazon-clone-master\\functions\\9372"}}
[debug] [2020-11-01T17:14:17.075Z] [worker-~diagnostic~-12e0b855-cb2a-4472-bdec-9858adea3ac0]: BUSY {"metadata":{"emulator":{"name":"functions"},"message":"[worker-~diagnostic~-12e0b855-cb2a-4472-bdec-9858adea3ac0]: BUSY"}}
[debug] [2020-11-01T17:14:17.410Z] [runtime-status] [9372] Functions runtime initialized. {"cwd":"C:\\Users\\M.S.I\\Desktop\\New folder\\react-challenge-amazon-clone-master\\functions","node_version":"12.19.0"} {"metadata":{"emulator":{"name":"functions"},"message":"[runtime-status] [9372] Functions runtime initialized. {\"cwd\":\"C:\\\\Users\\\\M.S.I\\\\Desktop\\\\New folder\\\\react-challenge-amazon-clone-master\\\\functions\",\"node_version\":\"12.19.0\"}"}}
[debug] [2020-11-01T17:14:17.411Z] [runtime-status] [9372] Disabled runtime features: undefined {"metadata":{"emulator":{"name":"functions"},"message":"[runtime-status] [9372] Disabled runtime features: undefined"}}
[warn] !  The Cloud Functions emulator requires the module "firebase-admin" to be installed. This package is in your package.json, but it's not available. You probably need to run "npm install" in your functions directory. {"metadata":{"emulator":{"name":"functions"},"message":"The Cloud Functions emulator requires the module \"firebase-admin\" to be installed. This package is in your package.json, but it's not available. You probably need to run \"npm install\" in your functions directory."}}
[info] i  functions: Your functions could not be parsed due to an issue with your node_modules (see above) {"metadata":{"emulator":{"name":"functions"},"message":"Your functions could not be parsed due to an issue with your node_modules (see above)"}}
[debug] [2020-11-01T17:14:17.438Z] [worker-~diagnostic~-12e0b855-cb2a-4472-bdec-9858adea3ac0]: exited {"metadata":{"emulator":{"name":"functions"},"message":"[worker-~diagnostic~-12e0b855-cb2a-4472-bdec-9858adea3ac0]: exited"}}
[debug] [2020-11-01T17:14:17.439Z] [worker-~diagnostic~-12e0b855-cb2a-4472-bdec-9858adea3ac0]: FINISHED {"metadata":{"emulator":{"name":"functions"},"message":"[worker-~diagnostic~-12e0b855-cb2a-4472-bdec-9858adea3ac0]: FINISHED"}}
[debug] [2020-11-01T17:14:43.934Z] Received signal SIGHUP 1
